
Solving Air Cargo Problem 1 using breadth_first_search...

Expansions   Goal Tests   New Nodes
    43          56         180    

Plan length: 6  Time elapsed in seconds: 0.03084569299244322
Load(C1, P1, SFO)
Load(C2, P2, JFK)
Fly(P2, JFK, SFO)
Unload(C2, P2, SFO)
Fly(P1, SFO, JFK)
Unload(C1, P1, JFK)


Solving Air Cargo Problem 1 using depth_first_graph_search...

Expansions   Goal Tests   New Nodes
    21          22          84    

Plan length: 20  Time elapsed in seconds: 0.01341444198624231
Fly(P1, SFO, JFK)
Fly(P2, JFK, SFO)
Load(C2, P1, JFK)
Fly(P1, JFK, SFO)
Fly(P2, SFO, JFK)
Unload(C2, P1, SFO)
Fly(P1, SFO, JFK)
Fly(P2, JFK, SFO)
Load(C2, P2, SFO)
Fly(P1, JFK, SFO)
Load(C1, P2, SFO)
Fly(P2, SFO, JFK)
Fly(P1, SFO, JFK)
Unload(C2, P2, JFK)
Unload(C1, P2, JFK)
Fly(P2, JFK, SFO)
Load(C2, P1, JFK)
Fly(P1, JFK, SFO)
Fly(P2, SFO, JFK)
Unload(C2, P1, SFO)


Solving Air Cargo Problem 1 using depth_limited_search...

Expansions   Goal Tests   New Nodes
   101         271         414    

Plan length: 50  Time elapsed in seconds: 0.08873890698305331
Load(C1, P1, SFO)
Load(C2, P2, JFK)
Unload(C1, P1, SFO)
Load(C1, P1, SFO)
Unload(C1, P1, SFO)
Load(C1, P1, SFO)
Unload(C1, P1, SFO)
Load(C1, P1, SFO)
Unload(C1, P1, SFO)
Load(C1, P1, SFO)
Unload(C1, P1, SFO)
Load(C1, P1, SFO)
Unload(C1, P1, SFO)
Load(C1, P1, SFO)
Unload(C1, P1, SFO)
Load(C1, P1, SFO)
Unload(C1, P1, SFO)
Load(C1, P1, SFO)
Unload(C1, P1, SFO)
Load(C1, P1, SFO)
Unload(C1, P1, SFO)
Load(C1, P1, SFO)
Unload(C1, P1, SFO)
Load(C1, P1, SFO)
Unload(C1, P1, SFO)
Load(C1, P1, SFO)
Unload(C1, P1, SFO)
Load(C1, P1, SFO)
Unload(C1, P1, SFO)
Load(C1, P1, SFO)
Unload(C1, P1, SFO)
Load(C1, P1, SFO)
Unload(C1, P1, SFO)
Load(C1, P1, SFO)
Unload(C1, P1, SFO)
Load(C1, P1, SFO)
Unload(C1, P1, SFO)
Load(C1, P1, SFO)
Unload(C1, P1, SFO)
Load(C1, P1, SFO)
Unload(C1, P1, SFO)
Load(C1, P1, SFO)
Unload(C1, P1, SFO)
Load(C1, P1, SFO)
Unload(C1, P1, SFO)
Load(C1, P1, SFO)
Fly(P2, JFK, SFO)
Unload(C2, P2, SFO)
Fly(P1, SFO, JFK)
Unload(C1, P1, JFK)


Solving Air Cargo Problem 1 using uniform_cost_search...

Expansions   Goal Tests   New Nodes
    55          57         224    

Plan length: 6  Time elapsed in seconds: 0.037033233005786315
Load(C1, P1, SFO)
Load(C2, P2, JFK)
Fly(P1, SFO, JFK)
Fly(P2, JFK, SFO)
Unload(C1, P1, JFK)
Unload(C2, P2, SFO)


Solving Air Cargo Problem 1 using recursive_best_first_search with h_1...

Expansions   Goal Tests   New Nodes
   4229        4230       17023   

Plan length: 6  Time elapsed in seconds: 2.665181190997828
Load(C2, P2, JFK)
Load(C1, P1, SFO)
Fly(P2, JFK, SFO)
Unload(C2, P2, SFO)
Fly(P1, SFO, JFK)
Unload(C1, P1, JFK)


Solving Air Cargo Problem 1 using greedy_best_first_graph_search with h_1...

Expansions   Goal Tests   New Nodes
    7           9           28    

Plan length: 6  Time elapsed in seconds: 0.0046243040123954415
Load(C1, P1, SFO)
Load(C2, P2, JFK)
Fly(P1, SFO, JFK)
Fly(P2, JFK, SFO)
Unload(C1, P1, JFK)
Unload(C2, P2, SFO)


Solving Air Cargo Problem 1 using astar_search with h_1...

Expansions   Goal Tests   New Nodes
    55          57         224    

Plan length: 6  Time elapsed in seconds: 0.03510399197693914
Load(C1, P1, SFO)
Load(C2, P2, JFK)
Fly(P1, SFO, JFK)
Fly(P2, JFK, SFO)
Unload(C1, P1, JFK)
Unload(C2, P2, SFO)


Solving Air Cargo Problem 1 using astar_search with h_ignore_preconditions...

Expansions   Goal Tests   New Nodes
    55          57         224    

Plan length: 6  Time elapsed in seconds: 0.03675070498138666
Load(C1, P1, SFO)
Load(C2, P2, JFK)
Fly(P1, SFO, JFK)
Fly(P2, JFK, SFO)
Unload(C1, P1, JFK)
Unload(C2, P2, SFO)


Solving Air Cargo Problem 1 using astar_search with h_pg_levelsum...

Expansions   Goal Tests   New Nodes
    11          13          50    

Plan length: 6  Time elapsed in seconds: 0.5271770390099846
Load(C1, P1, SFO)
Fly(P1, SFO, JFK)
Load(C2, P2, JFK)
Fly(P2, JFK, SFO)
Unload(C1, P1, JFK)
Unload(C2, P2, SFO)


Solving Air Cargo Problem 2 using breadth_first_search...

Expansions   Goal Tests   New Nodes
   3343        4609       30509   

Plan length: 9  Time elapsed in seconds: 14.193309408001369
Load(C1, P1, SFO)
Load(C2, P2, JFK)
Load(C3, P3, ATL)
Fly(P2, JFK, SFO)
Unload(C2, P2, SFO)
Fly(P1, SFO, JFK)
Unload(C1, P1, JFK)
Fly(P3, ATL, SFO)
Unload(C3, P3, SFO)


Solving Air Cargo Problem 2 using depth_first_graph_search...

Expansions   Goal Tests   New Nodes
   624         625         5602   

Plan length: 619  Time elapsed in seconds: 3.6765279269893654
Fly(P3, ATL, SFO)
Fly(P1, SFO, ATL)
Fly(P3, SFO, JFK)
Fly(P1, ATL, JFK)
Fly(P2, JFK, ATL)
Fly(P3, JFK, ATL)
Fly(P2, ATL, SFO)
Fly(P3, ATL, SFO)
Load(C2, P1, JFK)
Fly(P2, SFO, ATL)
Fly(P1, JFK, ATL)
Fly(P2, ATL, JFK)
Fly(P1, ATL, SFO)
Fly(P3, SFO, ATL)
Fly(P1, SFO, JFK)
Load(C3, P3, ATL)
Fly(P3, ATL, SFO)
Fly(P2, JFK, ATL)
Fly(P3, SFO, JFK)
Fly(P2, ATL, SFO)
Fly(P1, JFK, ATL)
Fly(P2, SFO, JFK)
Fly(P1, ATL, SFO)
Unload(C3, P3, JFK)
Fly(P1, SFO, JFK)
Fly(P3, JFK, ATL)
Fly(P2, JFK, ATL)
Fly(P3, ATL, SFO)
Fly(P2, ATL, SFO)
Fly(P1, JFK, ATL)
Fly(P3, SFO, ATL)
Fly(P1, ATL, SFO)
Unload(C2, P1, SFO)
Fly(P3, ATL, SFO)
Fly(P2, SFO, ATL)
Fly(P1, SFO, ATL)
Fly(P2, ATL, JFK)
Fly(P1, ATL, JFK)
Fly(P3, SFO, ATL)
Fly(P2, JFK, ATL)
Fly(P3, ATL, JFK)
Fly(P2, ATL, SFO)
Fly(P1, JFK, ATL)
Load(C3, P3, JFK)
Fly(P1, ATL, SFO)
Fly(P2, SFO, ATL)
Fly(P3, JFK, ATL)
Fly(P2, ATL, JFK)
Fly(P3, ATL, SFO)
Fly(P1, SFO, ATL)
Fly(P2, JFK, ATL)
Fly(P1, ATL, JFK)
Fly(P2, ATL, SFO)
Fly(P3, SFO, ATL)
Unload(C3, P3, ATL)
Fly(P3, ATL, SFO)
Fly(P2, SFO, ATL)
Fly(P3, SFO, JFK)
Fly(P2, ATL, JFK)
Fly(P1, JFK, ATL)
Fly(P3, JFK, ATL)
Fly(P2, JFK, ATL)
Load(C3, P2, ATL)
Fly(P3, ATL, SFO)
Fly(P2, ATL, SFO)
Fly(P1, ATL, SFO)
Fly(P3, SFO, ATL)
Fly(P2, SFO, JFK)
Fly(P3, ATL, JFK)
Fly(P1, SFO, JFK)
Fly(P2, JFK, SFO)
Unload(C3, P2, SFO)
Fly(P2, SFO, ATL)
Fly(P3, JFK, ATL)
Fly(P2, ATL, JFK)
Fly(P3, ATL, SFO)
Load(C2, P3, SFO)
Fly(P3, SFO, ATL)
Fly(P2, JFK, ATL)
Fly(P3, ATL, JFK)
Fly(P2, ATL, SFO)
Fly(P1, JFK, ATL)
Fly(P2, SFO, JFK)
Fly(P1, ATL, SFO)
Unload(C2, P3, JFK)
Fly(P1, SFO, JFK)
Fly(P3, JFK, ATL)
Fly(P2, JFK, ATL)
Fly(P3, ATL, SFO)
Fly(P2, ATL, SFO)
Fly(P1, JFK, ATL)
Fly(P3, SFO, ATL)
Fly(P1, ATL, SFO)
Load(C3, P2, SFO)
Fly(P3, ATL, SFO)
Fly(P2, SFO, ATL)
Fly(P1, SFO, ATL)
Fly(P2, ATL, JFK)
Fly(P1, ATL, JFK)
Fly(P3, SFO, ATL)
Load(C2, P2, JFK)
Fly(P3, ATL, JFK)
Fly(P2, JFK, ATL)
Fly(P1, JFK, ATL)
Fly(P2, ATL, SFO)
Fly(P1, ATL, SFO)
Unload(C3, P2, SFO)
Fly(P2, SFO, ATL)
Fly(P1, SFO, ATL)
Fly(P2, ATL, JFK)
Fly(P3, JFK, ATL)
Fly(P1, ATL, SFO)
Fly(P3, ATL, SFO)
Fly(P1, SFO, JFK)
Fly(P2, JFK, ATL)
Fly(P3, SFO, ATL)
Fly(P2, ATL, SFO)
Load(C1, P2, SFO)
Fly(P3, ATL, SFO)
Fly(P2, SFO, ATL)
Fly(P3, SFO, JFK)
Fly(P2, ATL, JFK)
Fly(P1, JFK, ATL)
Fly(P3, JFK, ATL)
Fly(P1, ATL, SFO)
Fly(P3, ATL, SFO)
Unload(C2, P2, JFK)
Fly(P1, SFO, ATL)
Fly(P2, JFK, ATL)
Fly(P1, ATL, JFK)
Fly(P3, SFO, ATL)
Fly(P2, ATL, SFO)
Fly(P3, ATL, JFK)
Fly(P1, JFK, ATL)
Load(C3, P2, SFO)
Fly(P1, ATL, SFO)
Fly(P2, SFO, ATL)
Fly(P1, SFO, JFK)
Fly(P2, ATL, JFK)
Fly(P3, JFK, ATL)
Fly(P1, JFK, ATL)
Fly(P3, ATL, SFO)
Fly(P1, ATL, SFO)
Unload(C3, P2, JFK)
Fly(P3, SFO, ATL)
Fly(P2, JFK, ATL)
Fly(P3, ATL, JFK)
Fly(P2, ATL, SFO)
Fly(P1, SFO, ATL)
Fly(P2, SFO, JFK)
Unload(C1, P2, JFK)
Fly(P1, ATL, SFO)
Fly(P2, JFK, ATL)
Fly(P1, SFO, JFK)
Fly(P2, ATL, SFO)
Fly(P3, JFK, ATL)
Fly(P2, SFO, JFK)
Fly(P3, ATL, SFO)
Load(C3, P2, JFK)
Fly(P2, JFK, ATL)
Fly(P3, SFO, ATL)
Fly(P2, ATL, SFO)
Fly(P3, ATL, JFK)
Fly(P1, JFK, ATL)
Fly(P2, SFO, ATL)
Fly(P1, ATL, SFO)
Unload(C3, P2, ATL)
Fly(P2, ATL, SFO)
Fly(P1, SFO, ATL)
Fly(P2, SFO, JFK)
Fly(P1, ATL, JFK)
Fly(P3, JFK, ATL)
Fly(P2, JFK, SFO)
Fly(P3, ATL, SFO)
Load(C2, P1, JFK)
Fly(P2, SFO, ATL)
Fly(P3, SFO, ATL)
Fly(P1, JFK, ATL)
Fly(P2, ATL, SFO)
Fly(P1, ATL, SFO)
Fly(P3, ATL, JFK)
Fly(P2, SFO, ATL)
Unload(C2, P1, SFO)
Fly(P2, ATL, JFK)
Fly(P1, SFO, ATL)
Fly(P3, JFK, ATL)
Fly(P1, ATL, JFK)
Fly(P3, ATL, SFO)
Fly(P2, JFK, ATL)
Fly(P1, JFK, ATL)
Fly(P2, ATL, SFO)
Fly(P1, ATL, SFO)
Load(C2, P3, SFO)
Fly(P3, SFO, ATL)
Fly(P2, SFO, ATL)
Fly(P1, SFO, ATL)
Fly(P3, ATL, JFK)
Fly(P1, ATL, JFK)
Fly(P2, ATL, SFO)
Load(C1, P3, JFK)
Fly(P2, SFO, JFK)
Fly(P3, JFK, ATL)
Fly(P2, JFK, ATL)
Fly(P3, ATL, SFO)
Fly(P1, JFK, ATL)
Fly(P2, ATL, SFO)
Fly(P1, ATL, SFO)
Fly(P3, SFO, ATL)
Unload(C2, P3, ATL)
Fly(P3, ATL, SFO)
Fly(P2, SFO, ATL)
Fly(P1, SFO, ATL)
Fly(P2, ATL, JFK)
Fly(P1, ATL, JFK)
Fly(P3, SFO, JFK)
Fly(P2, JFK, ATL)
Unload(C1, P3, JFK)
Fly(P2, ATL, SFO)
Fly(P3, JFK, ATL)
Fly(P2, SFO, JFK)
Fly(P3, ATL, SFO)
Fly(P1, JFK, ATL)
Fly(P3, SFO, JFK)
Fly(P1, ATL, SFO)
Load(C1, P2, JFK)
Fly(P1, SFO, JFK)
Fly(P2, JFK, ATL)
Fly(P3, JFK, ATL)
Fly(P2, ATL, SFO)
Fly(P3, ATL, SFO)
Fly(P1, JFK, ATL)
Fly(P2, SFO, ATL)
Fly(P1, ATL, SFO)
Unload(C1, P2, ATL)
Fly(P2, ATL, SFO)
Fly(P1, SFO, ATL)
Fly(P3, SFO, ATL)
Fly(P1, ATL, JFK)
Fly(P3, ATL, JFK)
Fly(P2, SFO, JFK)
Fly(P1, JFK, ATL)
Fly(P2, JFK, ATL)
Load(C3, P2, ATL)
Fly(P2, ATL, SFO)
Fly(P1, ATL, SFO)
Fly(P2, SFO, JFK)
Fly(P1, SFO, JFK)
Fly(P3, JFK, ATL)
Fly(P2, JFK, ATL)
Fly(P3, ATL, SFO)
Fly(P2, ATL, SFO)
Unload(C3, P2, SFO)
Fly(P3, SFO, ATL)
Fly(P2, SFO, ATL)
Fly(P3, ATL, JFK)
Fly(P2, ATL, JFK)
Fly(P1, JFK, ATL)
Fly(P3, JFK, ATL)
Fly(P1, ATL, SFO)
Fly(P3, ATL, SFO)
Fly(P2, JFK, ATL)
Fly(P1, SFO, ATL)
Load(C3, P3, SFO)
Fly(P2, ATL, SFO)
Fly(P1, ATL, SFO)
Fly(P3, SFO, ATL)
Fly(P2, SFO, ATL)
Fly(P3, ATL, JFK)
Fly(P2, ATL, JFK)
Fly(P1, SFO, ATL)
Fly(P3, JFK, ATL)
Fly(P1, ATL, JFK)
Load(C2, P3, ATL)
Fly(P3, ATL, SFO)
Fly(P2, JFK, ATL)
Fly(P3, SFO, JFK)
Fly(P2, ATL, SFO)
Fly(P1, JFK, ATL)
Fly(P2, SFO, JFK)
Fly(P1, ATL, SFO)
Unload(C3, P3, JFK)
Fly(P1, SFO, JFK)
Fly(P3, JFK, ATL)
Fly(P2, JFK, ATL)
Fly(P3, ATL, SFO)
Fly(P2, ATL, SFO)
Fly(P1, JFK, ATL)
Fly(P3, SFO, ATL)
Fly(P1, ATL, SFO)
Unload(C2, P3, ATL)
Fly(P3, ATL, SFO)
Fly(P2, SFO, ATL)
Fly(P1, SFO, ATL)
Fly(P2, ATL, JFK)
Fly(P1, ATL, JFK)
Load(C3, P1, JFK)
Fly(P3, SFO, ATL)
Fly(P2, JFK, ATL)
Fly(P3, ATL, JFK)
Fly(P2, ATL, SFO)
Fly(P1, JFK, ATL)
Load(C2, P1, ATL)
Fly(P1, ATL, SFO)
Fly(P2, SFO, ATL)
Fly(P1, SFO, JFK)
Fly(P2, ATL, JFK)
Fly(P3, JFK, ATL)
Fly(P1, JFK, ATL)
Fly(P3, ATL, SFO)
Fly(P1, ATL, SFO)
Unload(C3, P1, SFO)
Fly(P3, SFO, ATL)
Fly(P1, SFO, JFK)
Fly(P3, ATL, JFK)
Fly(P2, JFK, ATL)
Fly(P1, JFK, ATL)
Fly(P2, ATL, SFO)
Fly(P3, JFK, ATL)
Load(C3, P2, SFO)
Fly(P3, ATL, SFO)
Fly(P1, ATL, SFO)
Fly(P2, SFO, ATL)
Fly(P3, SFO, ATL)
Fly(P2, ATL, JFK)
Fly(P3, ATL, JFK)
Fly(P1, SFO, ATL)
Unload(C3, P2, JFK)
Fly(P3, JFK, ATL)
Fly(P2, JFK, ATL)
Fly(P1, ATL, SFO)
Fly(P3, ATL, SFO)
Fly(P2, ATL, SFO)
Fly(P1, SFO, ATL)
Load(C1, P1, ATL)
Fly(P1, ATL, SFO)
Fly(P2, SFO, ATL)
Fly(P3, SFO, ATL)
Fly(P2, ATL, JFK)
Fly(P1, SFO, JFK)
Fly(P3, ATL, SFO)
Load(C3, P2, JFK)
Fly(P3, SFO, JFK)
Fly(P2, JFK, ATL)
Fly(P3, JFK, ATL)
Fly(P2, ATL, SFO)
Fly(P1, JFK, SFO)
Fly(P3, ATL, SFO)
Fly(P2, SFO, ATL)
Fly(P1, SFO, ATL)
Unload(C3, P2, ATL)
Fly(P2, ATL, SFO)
Fly(P1, ATL, SFO)
Fly(P3, SFO, ATL)
Fly(P2, SFO, ATL)
Fly(P3, ATL, JFK)
Fly(P2, ATL, JFK)
Fly(P1, SFO, ATL)
Fly(P3, JFK, ATL)
Fly(P1, ATL, JFK)
Fly(P3, ATL, SFO)
Unload(C2, P1, JFK)
Fly(P2, JFK, ATL)
Fly(P3, SFO, ATL)
Fly(P1, JFK, ATL)
Fly(P2, ATL, SFO)
Fly(P3, ATL, SFO)
Fly(P1, ATL, SFO)
Fly(P3, SFO, JFK)
Fly(P2, SFO, ATL)
Load(C3, P2, ATL)
Fly(P2, ATL, SFO)
Fly(P1, SFO, ATL)
Fly(P2, SFO, JFK)
Fly(P3, JFK, ATL)
Fly(P1, ATL, SFO)
Fly(P3, ATL, SFO)
Unload(C3, P2, JFK)
Fly(P1, SFO, ATL)
Fly(P2, JFK, ATL)
Fly(P1, ATL, JFK)
Fly(P2, ATL, SFO)
Load(C3, P1, JFK)
Fly(P3, SFO, ATL)
Fly(P2, SFO, ATL)
Fly(P3, ATL, JFK)
Fly(P2, ATL, JFK)
Fly(P1, JFK, ATL)
Fly(P3, JFK, ATL)
Fly(P1, ATL, SFO)
Fly(P3, ATL, SFO)
Fly(P2, JFK, ATL)
Fly(P1, SFO, ATL)
Unload(C1, P1, ATL)
Fly(P2, ATL, SFO)
Fly(P1, ATL, SFO)
Fly(P3, SFO, ATL)
Fly(P2, SFO, ATL)
Fly(P3, ATL, JFK)
Fly(P2, ATL, JFK)
Unload(C3, P1, SFO)
Fly(P1, SFO, ATL)
Fly(P3, JFK, ATL)
Fly(P2, JFK, ATL)
Load(C1, P3, ATL)
Fly(P3, ATL, SFO)
Fly(P1, ATL, SFO)
Fly(P2, ATL, SFO)
Fly(P3, SFO, ATL)
Fly(P2, SFO, JFK)
Fly(P3, ATL, JFK)
Fly(P1, SFO, ATL)
Fly(P2, JFK, SFO)
Fly(P1, ATL, JFK)
Fly(P2, SFO, ATL)
Unload(C1, P3, JFK)
Fly(P2, ATL, JFK)
Fly(P3, JFK, ATL)
Fly(P1, JFK, ATL)
Fly(P2, JFK, ATL)
Fly(P3, ATL, SFO)
Fly(P2, ATL, SFO)
Fly(P1, ATL, SFO)
Fly(P3, SFO, ATL)
Load(C3, P1, SFO)
Fly(P3, ATL, JFK)
Fly(P2, SFO, ATL)
Fly(P1, SFO, ATL)
Fly(P3, JFK, ATL)
Fly(P2, ATL, JFK)
Fly(P3, ATL, SFO)
Fly(P1, ATL, SFO)
Load(C2, P2, JFK)
Fly(P3, SFO, ATL)
Fly(P1, SFO, JFK)
Fly(P3, ATL, JFK)
Fly(P2, JFK, ATL)
Fly(P1, JFK, ATL)
Fly(P2, ATL, SFO)
Fly(P1, ATL, SFO)
Unload(C3, P1, SFO)
Fly(P2, SFO, ATL)
Fly(P1, SFO, ATL)
Fly(P3, JFK, ATL)
Fly(P2, ATL, SFO)
Fly(P3, ATL, SFO)
Fly(P1, ATL, JFK)
Fly(P2, SFO, ATL)
Unload(C2, P2, ATL)
Fly(P2, ATL, SFO)
Fly(P3, SFO, ATL)
Fly(P2, SFO, JFK)
Fly(P3, ATL, JFK)
Fly(P1, JFK, ATL)
Fly(P3, JFK, SFO)
Fly(P1, ATL, SFO)
Load(C3, P3, SFO)
Fly(P3, SFO, ATL)
Fly(P1, SFO, ATL)
Fly(P3, ATL, JFK)
Fly(P1, ATL, JFK)
Fly(P2, JFK, ATL)
Fly(P3, JFK, ATL)
Load(C2, P3, ATL)
Fly(P3, ATL, SFO)
Fly(P2, ATL, SFO)
Fly(P3, SFO, JFK)
Fly(P2, SFO, JFK)
Fly(P1, JFK, ATL)
Fly(P2, JFK, ATL)
Fly(P1, ATL, SFO)
Load(C1, P3, JFK)
Fly(P2, ATL, SFO)
Fly(P1, SFO, ATL)
Fly(P3, JFK, ATL)
Fly(P1, ATL, JFK)
Fly(P3, ATL, SFO)
Fly(P2, SFO, ATL)
Fly(P1, JFK, ATL)
Fly(P2, ATL, JFK)
Fly(P1, ATL, SFO)
Fly(P3, SFO, ATL)
Unload(C2, P3, ATL)
Fly(P3, ATL, SFO)
Fly(P1, SFO, ATL)
Fly(P2, JFK, ATL)
Fly(P1, ATL, JFK)
Fly(P2, ATL, SFO)
Fly(P3, SFO, JFK)
Fly(P1, JFK, ATL)
Unload(C3, P3, JFK)
Fly(P1, ATL, SFO)
Fly(P2, SFO, ATL)
Fly(P1, SFO, JFK)
Fly(P2, ATL, JFK)
Fly(P3, JFK, ATL)
Fly(P1, JFK, ATL)
Fly(P3, ATL, SFO)
Fly(P1, ATL, SFO)
Unload(C1, P3, SFO)
Fly(P3, SFO, ATL)
Fly(P1, SFO, ATL)
Fly(P3, ATL, JFK)
Fly(P1, ATL, JFK)
Fly(P2, JFK, ATL)
Fly(P3, JFK, ATL)
Fly(P2, ATL, SFO)
Fly(P3, ATL, SFO)
Load(C3, P1, JFK)
Fly(P2, SFO, ATL)
Fly(P1, JFK, ATL)
Fly(P2, ATL, JFK)
Fly(P1, ATL, SFO)
Fly(P3, SFO, ATL)
Fly(P1, SFO, JFK)
Load(C2, P3, ATL)
Fly(P3, ATL, SFO)
Fly(P2, JFK, ATL)
Fly(P3, SFO, JFK)
Fly(P2, ATL, SFO)
Fly(P1, JFK, ATL)
Fly(P3, JFK, ATL)
Fly(P1, ATL, SFO)
Fly(P3, ATL, SFO)
Unload(C3, P1, SFO)
Fly(P2, SFO, ATL)
Unload(C2, P3, SFO)
Load(C3, P1, SFO)
Fly(P2, ATL, JFK)
Fly(P3, SFO, ATL)
Fly(P2, JFK, SFO)
Fly(P3, ATL, JFK)
Fly(P1, SFO, ATL)
Fly(P3, JFK, SFO)
Fly(P1, ATL, JFK)
Load(C2, P2, SFO)
Fly(P3, SFO, ATL)
Fly(P2, SFO, ATL)
Fly(P3, ATL, JFK)
Fly(P2, ATL, JFK)
Fly(P1, JFK, ATL)
Fly(P3, JFK, ATL)
Unload(C3, P1, ATL)
Fly(P1, ATL, JFK)
Fly(P3, ATL, SFO)
Fly(P2, JFK, ATL)
Fly(P1, JFK, ATL)
Fly(P2, ATL, SFO)
Fly(P1, ATL, SFO)
Fly(P3, SFO, ATL)
Fly(P2, SFO, ATL)
Fly(P3, ATL, JFK)
Fly(P2, ATL, JFK)
Load(C1, P1, SFO)
Fly(P1, SFO, ATL)
Fly(P3, JFK, ATL)
Fly(P1, ATL, JFK)
Fly(P2, JFK, ATL)
Fly(P3, ATL, SFO)
Fly(P2, ATL, SFO)
Fly(P3, SFO, JFK)
Unload(C2, P2, SFO)
Fly(P2, SFO, ATL)
Fly(P3, JFK, ATL)
Fly(P1, JFK, ATL)
Fly(P3, ATL, SFO)
Fly(P2, ATL, SFO)
Unload(C1, P1, ATL)
Fly(P1, ATL, SFO)
Fly(P3, SFO, ATL)
Fly(P2, SFO, ATL)
Fly(P3, ATL, JFK)
Fly(P2, ATL, JFK)
Fly(P1, SFO, ATL)
Fly(P3, JFK, ATL)
Fly(P1, ATL, JFK)
Fly(P3, ATL, SFO)
Fly(P2, JFK, ATL)
Load(C3, P2, ATL)
Fly(P2, ATL, SFO)
Fly(P3, SFO, ATL)
Fly(P2, SFO, JFK)
Fly(P3, ATL, JFK)
Fly(P1, JFK, ATL)
Fly(P2, JFK, ATL)
Fly(P3, JFK, ATL)
Load(C1, P3, ATL)
Fly(P2, ATL, SFO)
Fly(P1, ATL, SFO)
Fly(P3, ATL, JFK)
Fly(P2, SFO, ATL)
Fly(P1, SFO, JFK)
Fly(P2, ATL, JFK)
Fly(P1, JFK, ATL)
Fly(P3, JFK, SFO)
Fly(P1, ATL, SFO)
Unload(C3, P2, JFK)
Fly(P3, SFO, ATL)
Fly(P1, SFO, ATL)
Fly(P2, JFK, ATL)
Fly(P3, ATL, JFK)
Fly(P2, ATL, SFO)
Fly(P1, ATL, SFO)
Unload(C1, P3, JFK)
Fly(P2, SFO, ATL)
Fly(P1, SFO, JFK)
Fly(P2, ATL, JFK)
Fly(P3, JFK, ATL)
Fly(P1, JFK, ATL)
Fly(P3, ATL, SFO)
Fly(P1, ATL, SFO)
Load(C3, P2, JFK)
Fly(P3, SFO, ATL)
Fly(P2, JFK, ATL)
Fly(P1, SFO, ATL)
Fly(P2, ATL, SFO)
Fly(P3, ATL, SFO)
Fly(P1, ATL, JFK)
Fly(P3, SFO, JFK)
Unload(C3, P2, SFO)


Solving Air Cargo Problem 2 using depth_limited_search...

Expansions   Goal Tests   New Nodes
  222719     2053741     2054119  

Plan length: 50  Time elapsed in seconds: 947.9030561769905
Load(C1, P1, SFO)
Load(C2, P2, JFK)
Load(C3, P3, ATL)
Unload(C1, P1, SFO)
Load(C1, P1, SFO)
Unload(C1, P1, SFO)
Load(C1, P1, SFO)
Unload(C1, P1, SFO)
Load(C1, P1, SFO)
Unload(C1, P1, SFO)
Load(C1, P1, SFO)
Unload(C1, P1, SFO)
Load(C1, P1, SFO)
Unload(C1, P1, SFO)
Load(C1, P1, SFO)
Unload(C1, P1, SFO)
Load(C1, P1, SFO)
Unload(C1, P1, SFO)
Load(C1, P1, SFO)
Unload(C1, P1, SFO)
Load(C1, P1, SFO)
Unload(C1, P1, SFO)
Load(C1, P1, SFO)
Unload(C1, P1, SFO)
Load(C1, P1, SFO)
Unload(C1, P1, SFO)
Load(C1, P1, SFO)
Unload(C1, P1, SFO)
Load(C1, P1, SFO)
Unload(C1, P1, SFO)
Load(C1, P1, SFO)
Unload(C1, P1, SFO)
Load(C1, P1, SFO)
Unload(C1, P1, SFO)
Load(C1, P1, SFO)
Unload(C1, P1, SFO)
Load(C1, P1, SFO)
Unload(C1, P1, SFO)
Load(C1, P1, SFO)
Unload(C1, P1, SFO)
Load(C1, P1, SFO)
Unload(C1, P1, SFO)
Load(C1, P1, SFO)
Fly(P2, JFK, SFO)
Unload(C2, P2, SFO)
Fly(P1, SFO, JFK)
Unload(C1, P1, JFK)
Fly(P1, JFK, SFO)
Fly(P3, ATL, SFO)
Unload(C3, P3, SFO)


Solving Air Cargo Problem 2 using uniform_cost_search...

Expansions   Goal Tests   New Nodes
   4853        4855       44041   

Plan length: 9  Time elapsed in seconds: 12.103656804014463
Load(C1, P1, SFO)
Load(C2, P2, JFK)
Load(C3, P3, ATL)
Fly(P1, SFO, JFK)
Fly(P2, JFK, SFO)
Fly(P3, ATL, SFO)
Unload(C3, P3, SFO)
Unload(C2, P2, SFO)
Unload(C1, P1, JFK)


Solving Air Cargo Problem 2 using recursive_best_first_search with h_1...
