
Solving Air Cargo Problem 1 using breadth_first_search...

Expansions   Goal Tests   New Nodes
    43          56         180    

Plan length: 6  Time elapsed in seconds: 0.031119216000661254
Load(C1, P1, SFO)
Load(C2, P2, JFK)
Fly(P2, JFK, SFO)
Unload(C2, P2, SFO)
Fly(P1, SFO, JFK)
Unload(C1, P1, JFK)


Solving Air Cargo Problem 1 using depth_first_graph_search...

Expansions   Goal Tests   New Nodes
    21          22          84    

Plan length: 20  Time elapsed in seconds: 0.013190571015002206
Fly(P1, SFO, JFK)
Fly(P2, JFK, SFO)
Load(C2, P1, JFK)
Fly(P1, JFK, SFO)
Fly(P2, SFO, JFK)
Unload(C2, P1, SFO)
Fly(P1, SFO, JFK)
Fly(P2, JFK, SFO)
Load(C2, P2, SFO)
Fly(P1, JFK, SFO)
Load(C1, P2, SFO)
Fly(P2, SFO, JFK)
Fly(P1, SFO, JFK)
Unload(C2, P2, JFK)
Unload(C1, P2, JFK)
Fly(P2, JFK, SFO)
Load(C2, P1, JFK)
Fly(P1, JFK, SFO)
Fly(P2, SFO, JFK)
Unload(C2, P1, SFO)


Solving Air Cargo Problem 1 using depth_limited_search...

Expansions   Goal Tests   New Nodes
   101         271         414    

Plan length: 50  Time elapsed in seconds: 0.083031693007797
Load(C1, P1, SFO)
Load(C2, P2, JFK)
Unload(C1, P1, SFO)
Load(C1, P1, SFO)
Unload(C1, P1, SFO)
Load(C1, P1, SFO)
Unload(C1, P1, SFO)
Load(C1, P1, SFO)
Unload(C1, P1, SFO)
Load(C1, P1, SFO)
Unload(C1, P1, SFO)
Load(C1, P1, SFO)
Unload(C1, P1, SFO)
Load(C1, P1, SFO)
Unload(C1, P1, SFO)
Load(C1, P1, SFO)
Unload(C1, P1, SFO)
Load(C1, P1, SFO)
Unload(C1, P1, SFO)
Load(C1, P1, SFO)
Unload(C1, P1, SFO)
Load(C1, P1, SFO)
Unload(C1, P1, SFO)
Load(C1, P1, SFO)
Unload(C1, P1, SFO)
Load(C1, P1, SFO)
Unload(C1, P1, SFO)
Load(C1, P1, SFO)
Unload(C1, P1, SFO)
Load(C1, P1, SFO)
Unload(C1, P1, SFO)
Load(C1, P1, SFO)
Unload(C1, P1, SFO)
Load(C1, P1, SFO)
Unload(C1, P1, SFO)
Load(C1, P1, SFO)
Unload(C1, P1, SFO)
Load(C1, P1, SFO)
Unload(C1, P1, SFO)
Load(C1, P1, SFO)
Unload(C1, P1, SFO)
Load(C1, P1, SFO)
Unload(C1, P1, SFO)
Load(C1, P1, SFO)
Unload(C1, P1, SFO)
Load(C1, P1, SFO)
Fly(P2, JFK, SFO)
Unload(C2, P2, SFO)
Fly(P1, SFO, JFK)
Unload(C1, P1, JFK)


Solving Air Cargo Problem 1 using uniform_cost_search...

Expansions   Goal Tests   New Nodes
    55          57         224    

Plan length: 6  Time elapsed in seconds: 0.03440536599373445
Load(C1, P1, SFO)
Load(C2, P2, JFK)
Fly(P1, SFO, JFK)
Fly(P2, JFK, SFO)
Unload(C1, P1, JFK)
Unload(C2, P2, SFO)


Solving Air Cargo Problem 1 using greedy_best_first_graph_search with h_1...

Expansions   Goal Tests   New Nodes
    7           9           28    

Plan length: 6  Time elapsed in seconds: 0.004585880989907309
Load(C1, P1, SFO)
Load(C2, P2, JFK)
Fly(P1, SFO, JFK)
Fly(P2, JFK, SFO)
Unload(C1, P1, JFK)
Unload(C2, P2, SFO)


Solving Air Cargo Problem 1 using astar_search with h_1...

Expansions   Goal Tests   New Nodes
    55          57         224    

Plan length: 6  Time elapsed in seconds: 0.03822437199414708
Load(C1, P1, SFO)
Load(C2, P2, JFK)
Fly(P1, SFO, JFK)
Fly(P2, JFK, SFO)
Unload(C1, P1, JFK)
Unload(C2, P2, SFO)


Solving Air Cargo Problem 1 using astar_search with h_ignore_preconditions...

Expansions   Goal Tests   New Nodes
    55          57         224    

Plan length: 6  Time elapsed in seconds: 0.03551186600816436
Load(C1, P1, SFO)
Load(C2, P2, JFK)
Fly(P1, SFO, JFK)
Fly(P2, JFK, SFO)
Unload(C1, P1, JFK)
Unload(C2, P2, SFO)


Solving Air Cargo Problem 1 using astar_search with h_pg_levelsum...

Expansions   Goal Tests   New Nodes
    11          13          50    

Plan length: 6  Time elapsed in seconds: 0.5453158000018448
Load(C1, P1, SFO)
Fly(P1, SFO, JFK)
Load(C2, P2, JFK)
Fly(P2, JFK, SFO)
Unload(C1, P1, JFK)
Unload(C2, P2, SFO)


Solving Air Cargo Problem 2 using breadth_first_search...

Expansions   Goal Tests   New Nodes
   3343        4609       30509   

Plan length: 9  Time elapsed in seconds: 13.983195249020355
Load(C1, P1, SFO)
Load(C2, P2, JFK)
Load(C3, P3, ATL)
Fly(P2, JFK, SFO)
Unload(C2, P2, SFO)
Fly(P1, SFO, JFK)
Unload(C1, P1, JFK)
Fly(P3, ATL, SFO)
Unload(C3, P3, SFO)


Solving Air Cargo Problem 2 using depth_first_graph_search...

Expansions   Goal Tests   New Nodes
   624         625         5602   

Plan length: 619  Time elapsed in seconds: 3.4434592830075417
Fly(P3, ATL, SFO)
Fly(P1, SFO, ATL)
Fly(P3, SFO, JFK)
Fly(P1, ATL, JFK)
Fly(P2, JFK, ATL)
Fly(P3, JFK, ATL)
Fly(P2, ATL, SFO)
Fly(P3, ATL, SFO)
Load(C2, P1, JFK)
Fly(P2, SFO, ATL)
Fly(P1, JFK, ATL)
Fly(P2, ATL, JFK)
Fly(P1, ATL, SFO)
Fly(P3, SFO, ATL)
Fly(P1, SFO, JFK)
Load(C3, P3, ATL)
Fly(P3, ATL, SFO)
Fly(P2, JFK, ATL)
Fly(P3, SFO, JFK)
Fly(P2, ATL, SFO)
Fly(P1, JFK, ATL)
Fly(P2, SFO, JFK)
Fly(P1, ATL, SFO)
Unload(C3, P3, JFK)
Fly(P1, SFO, JFK)
Fly(P3, JFK, ATL)
Fly(P2, JFK, ATL)
Fly(P3, ATL, SFO)
Fly(P2, ATL, SFO)
Fly(P1, JFK, ATL)
Fly(P3, SFO, ATL)
Fly(P1, ATL, SFO)
Unload(C2, P1, SFO)
Fly(P3, ATL, SFO)
Fly(P2, SFO, ATL)
Fly(P1, SFO, ATL)
Fly(P2, ATL, JFK)
Fly(P1, ATL, JFK)
Fly(P3, SFO, ATL)
Fly(P2, JFK, ATL)
Fly(P3, ATL, JFK)
Fly(P2, ATL, SFO)
Fly(P1, JFK, ATL)
Load(C3, P3, JFK)
Fly(P1, ATL, SFO)
Fly(P2, SFO, ATL)
Fly(P3, JFK, ATL)
Fly(P2, ATL, JFK)
Fly(P3, ATL, SFO)
Fly(P1, SFO, ATL)
Fly(P2, JFK, ATL)
Fly(P1, ATL, JFK)
Fly(P2, ATL, SFO)
Fly(P3, SFO, ATL)
Unload(C3, P3, ATL)
Fly(P3, ATL, SFO)
Fly(P2, SFO, ATL)
Fly(P3, SFO, JFK)
Fly(P2, ATL, JFK)
Fly(P1, JFK, ATL)
Fly(P3, JFK, ATL)
Fly(P2, JFK, ATL)
Load(C3, P2, ATL)
Fly(P3, ATL, SFO)
Fly(P2, ATL, SFO)
Fly(P1, ATL, SFO)
Fly(P3, SFO, ATL)
Fly(P2, SFO, JFK)
Fly(P3, ATL, JFK)
Fly(P1, SFO, JFK)
Fly(P2, JFK, SFO)
Unload(C3, P2, SFO)
Fly(P2, SFO, ATL)
Fly(P3, JFK, ATL)
Fly(P2, ATL, JFK)
Fly(P3, ATL, SFO)
Load(C2, P3, SFO)
Fly(P3, SFO, ATL)
Fly(P2, JFK, ATL)
Fly(P3, ATL, JFK)
Fly(P2, ATL, SFO)
Fly(P1, JFK, ATL)
Fly(P2, SFO, JFK)
Fly(P1, ATL, SFO)
Unload(C2, P3, JFK)
Fly(P1, SFO, JFK)
Fly(P3, JFK, ATL)
Fly(P2, JFK, ATL)
Fly(P3, ATL, SFO)
Fly(P2, ATL, SFO)
Fly(P1, JFK, ATL)
Fly(P3, SFO, ATL)
Fly(P1, ATL, SFO)
Load(C3, P2, SFO)
Fly(P3, ATL, SFO)
Fly(P2, SFO, ATL)
Fly(P1, SFO, ATL)
Fly(P2, ATL, JFK)
Fly(P1, ATL, JFK)
Fly(P3, SFO, ATL)
Load(C2, P2, JFK)
Fly(P3, ATL, JFK)
Fly(P2, JFK, ATL)
Fly(P1, JFK, ATL)
Fly(P2, ATL, SFO)
Fly(P1, ATL, SFO)
Unload(C3, P2, SFO)
Fly(P2, SFO, ATL)
Fly(P1, SFO, ATL)
Fly(P2, ATL, JFK)
Fly(P3, JFK, ATL)
Fly(P1, ATL, SFO)
Fly(P3, ATL, SFO)
Fly(P1, SFO, JFK)
Fly(P2, JFK, ATL)
Fly(P3, SFO, ATL)
Fly(P2, ATL, SFO)
Load(C1, P2, SFO)
Fly(P3, ATL, SFO)
Fly(P2, SFO, ATL)
Fly(P3, SFO, JFK)
Fly(P2, ATL, JFK)
Fly(P1, JFK, ATL)
Fly(P3, JFK, ATL)
Fly(P1, ATL, SFO)
Fly(P3, ATL, SFO)
Unload(C2, P2, JFK)
Fly(P1, SFO, ATL)
Fly(P2, JFK, ATL)
Fly(P1, ATL, JFK)
Fly(P3, SFO, ATL)
Fly(P2, ATL, SFO)
Fly(P3, ATL, JFK)
Fly(P1, JFK, ATL)
Load(C3, P2, SFO)
Fly(P1, ATL, SFO)
Fly(P2, SFO, ATL)
Fly(P1, SFO, JFK)
Fly(P2, ATL, JFK)
Fly(P3, JFK, ATL)
Fly(P1, JFK, ATL)
Fly(P3, ATL, SFO)
Fly(P1, ATL, SFO)
Unload(C3, P2, JFK)
Fly(P3, SFO, ATL)
Fly(P2, JFK, ATL)
Fly(P3, ATL, JFK)
Fly(P2, ATL, SFO)
Fly(P1, SFO, ATL)
Fly(P2, SFO, JFK)
Unload(C1, P2, JFK)
Fly(P1, ATL, SFO)
Fly(P2, JFK, ATL)
Fly(P1, SFO, JFK)
Fly(P2, ATL, SFO)
Fly(P3, JFK, ATL)
Fly(P2, SFO, JFK)
Fly(P3, ATL, SFO)
Load(C3, P2, JFK)
Fly(P2, JFK, ATL)
Fly(P3, SFO, ATL)
Fly(P2, ATL, SFO)
Fly(P3, ATL, JFK)
Fly(P1, JFK, ATL)
Fly(P2, SFO, ATL)
Fly(P1, ATL, SFO)
Unload(C3, P2, ATL)
Fly(P2, ATL, SFO)
Fly(P1, SFO, ATL)
Fly(P2, SFO, JFK)
Fly(P1, ATL, JFK)
Fly(P3, JFK, ATL)
Fly(P2, JFK, SFO)
Fly(P3, ATL, SFO)
Load(C2, P1, JFK)
Fly(P2, SFO, ATL)
Fly(P3, SFO, ATL)
Fly(P1, JFK, ATL)
Fly(P2, ATL, SFO)
Fly(P1, ATL, SFO)
Fly(P3, ATL, JFK)
Fly(P2, SFO, ATL)
Unload(C2, P1, SFO)
Fly(P2, ATL, JFK)
Fly(P1, SFO, ATL)
Fly(P3, JFK, ATL)
Fly(P1, ATL, JFK)
Fly(P3, ATL, SFO)
Fly(P2, JFK, ATL)
Fly(P1, JFK, ATL)
Fly(P2, ATL, SFO)
Fly(P1, ATL, SFO)
Load(C2, P3, SFO)
Fly(P3, SFO, ATL)
Fly(P2, SFO, ATL)
Fly(P1, SFO, ATL)
Fly(P3, ATL, JFK)
Fly(P1, ATL, JFK)
Fly(P2, ATL, SFO)
Load(C1, P3, JFK)
Fly(P2, SFO, JFK)
Fly(P3, JFK, ATL)
Fly(P2, JFK, ATL)
Fly(P3, ATL, SFO)
Fly(P1, JFK, ATL)
Fly(P2, ATL, SFO)
Fly(P1, ATL, SFO)
Fly(P3, SFO, ATL)
Unload(C2, P3, ATL)
Fly(P3, ATL, SFO)
Fly(P2, SFO, ATL)
Fly(P1, SFO, ATL)
Fly(P2, ATL, JFK)
Fly(P1, ATL, JFK)
Fly(P3, SFO, JFK)
Fly(P2, JFK, ATL)
Unload(C1, P3, JFK)
Fly(P2, ATL, SFO)
Fly(P3, JFK, ATL)
Fly(P2, SFO, JFK)
Fly(P3, ATL, SFO)
Fly(P1, JFK, ATL)
Fly(P3, SFO, JFK)
Fly(P1, ATL, SFO)
Load(C1, P2, JFK)
Fly(P1, SFO, JFK)
Fly(P2, JFK, ATL)
Fly(P3, JFK, ATL)
Fly(P2, ATL, SFO)
Fly(P3, ATL, SFO)
Fly(P1, JFK, ATL)
Fly(P2, SFO, ATL)
Fly(P1, ATL, SFO)
Unload(C1, P2, ATL)
Fly(P2, ATL, SFO)
Fly(P1, SFO, ATL)
Fly(P3, SFO, ATL)
Fly(P1, ATL, JFK)
Fly(P3, ATL, JFK)
Fly(P2, SFO, JFK)
Fly(P1, JFK, ATL)
Fly(P2, JFK, ATL)
Load(C3, P2, ATL)
Fly(P2, ATL, SFO)
Fly(P1, ATL, SFO)
Fly(P2, SFO, JFK)
Fly(P1, SFO, JFK)
Fly(P3, JFK, ATL)
Fly(P2, JFK, ATL)
Fly(P3, ATL, SFO)
Fly(P2, ATL, SFO)
Unload(C3, P2, SFO)
Fly(P3, SFO, ATL)
Fly(P2, SFO, ATL)
Fly(P3, ATL, JFK)
Fly(P2, ATL, JFK)
Fly(P1, JFK, ATL)
Fly(P3, JFK, ATL)
Fly(P1, ATL, SFO)
Fly(P3, ATL, SFO)
Fly(P2, JFK, ATL)
Fly(P1, SFO, ATL)
Load(C3, P3, SFO)
Fly(P2, ATL, SFO)
Fly(P1, ATL, SFO)
Fly(P3, SFO, ATL)
Fly(P2, SFO, ATL)
Fly(P3, ATL, JFK)
Fly(P2, ATL, JFK)
Fly(P1, SFO, ATL)
Fly(P3, JFK, ATL)
Fly(P1, ATL, JFK)
Load(C2, P3, ATL)
Fly(P3, ATL, SFO)
Fly(P2, JFK, ATL)
Fly(P3, SFO, JFK)
Fly(P2, ATL, SFO)
Fly(P1, JFK, ATL)
Fly(P2, SFO, JFK)
Fly(P1, ATL, SFO)
Unload(C3, P3, JFK)
Fly(P1, SFO, JFK)
Fly(P3, JFK, ATL)
Fly(P2, JFK, ATL)
Fly(P3, ATL, SFO)
Fly(P2, ATL, SFO)
Fly(P1, JFK, ATL)
Fly(P3, SFO, ATL)
Fly(P1, ATL, SFO)
Unload(C2, P3, ATL)
Fly(P3, ATL, SFO)
Fly(P2, SFO, ATL)
Fly(P1, SFO, ATL)
Fly(P2, ATL, JFK)
Fly(P1, ATL, JFK)
Load(C3, P1, JFK)
Fly(P3, SFO, ATL)
Fly(P2, JFK, ATL)
Fly(P3, ATL, JFK)
Fly(P2, ATL, SFO)
Fly(P1, JFK, ATL)
Load(C2, P1, ATL)
Fly(P1, ATL, SFO)
Fly(P2, SFO, ATL)
Fly(P1, SFO, JFK)
Fly(P2, ATL, JFK)
Fly(P3, JFK, ATL)
Fly(P1, JFK, ATL)
Fly(P3, ATL, SFO)
Fly(P1, ATL, SFO)
Unload(C3, P1, SFO)
Fly(P3, SFO, ATL)
Fly(P1, SFO, JFK)
Fly(P3, ATL, JFK)
Fly(P2, JFK, ATL)
Fly(P1, JFK, ATL)
Fly(P2, ATL, SFO)
Fly(P3, JFK, ATL)
Load(C3, P2, SFO)
Fly(P3, ATL, SFO)
Fly(P1, ATL, SFO)
Fly(P2, SFO, ATL)
Fly(P3, SFO, ATL)
Fly(P2, ATL, JFK)
Fly(P3, ATL, JFK)
Fly(P1, SFO, ATL)
Unload(C3, P2, JFK)
Fly(P3, JFK, ATL)
Fly(P2, JFK, ATL)
Fly(P1, ATL, SFO)
Fly(P3, ATL, SFO)
Fly(P2, ATL, SFO)
Fly(P1, SFO, ATL)
Load(C1, P1, ATL)
Fly(P1, ATL, SFO)
Fly(P2, SFO, ATL)
Fly(P3, SFO, ATL)
Fly(P2, ATL, JFK)
Fly(P1, SFO, JFK)
Fly(P3, ATL, SFO)
Load(C3, P2, JFK)
Fly(P3, SFO, JFK)
Fly(P2, JFK, ATL)
Fly(P3, JFK, ATL)
Fly(P2, ATL, SFO)
Fly(P1, JFK, SFO)
Fly(P3, ATL, SFO)
Fly(P2, SFO, ATL)
Fly(P1, SFO, ATL)
Unload(C3, P2, ATL)
Fly(P2, ATL, SFO)
Fly(P1, ATL, SFO)
Fly(P3, SFO, ATL)
Fly(P2, SFO, ATL)
Fly(P3, ATL, JFK)
Fly(P2, ATL, JFK)
Fly(P1, SFO, ATL)
Fly(P3, JFK, ATL)
Fly(P1, ATL, JFK)
Fly(P3, ATL, SFO)
Unload(C2, P1, JFK)
Fly(P2, JFK, ATL)
Fly(P3, SFO, ATL)
Fly(P1, JFK, ATL)
Fly(P2, ATL, SFO)
Fly(P3, ATL, SFO)
Fly(P1, ATL, SFO)
Fly(P3, SFO, JFK)
Fly(P2, SFO, ATL)
Load(C3, P2, ATL)
Fly(P2, ATL, SFO)
Fly(P1, SFO, ATL)
Fly(P2, SFO, JFK)
Fly(P3, JFK, ATL)
Fly(P1, ATL, SFO)
Fly(P3, ATL, SFO)
Unload(C3, P2, JFK)
Fly(P1, SFO, ATL)
Fly(P2, JFK, ATL)
Fly(P1, ATL, JFK)
Fly(P2, ATL, SFO)
Load(C3, P1, JFK)
Fly(P3, SFO, ATL)
Fly(P2, SFO, ATL)
Fly(P3, ATL, JFK)
Fly(P2, ATL, JFK)
Fly(P1, JFK, ATL)
Fly(P3, JFK, ATL)
Fly(P1, ATL, SFO)
Fly(P3, ATL, SFO)
Fly(P2, JFK, ATL)
Fly(P1, SFO, ATL)
Unload(C1, P1, ATL)
Fly(P2, ATL, SFO)
Fly(P1, ATL, SFO)
Fly(P3, SFO, ATL)
Fly(P2, SFO, ATL)
Fly(P3, ATL, JFK)
Fly(P2, ATL, JFK)
Unload(C3, P1, SFO)
Fly(P1, SFO, ATL)
Fly(P3, JFK, ATL)
Fly(P2, JFK, ATL)
Load(C1, P3, ATL)
Fly(P3, ATL, SFO)
Fly(P1, ATL, SFO)
Fly(P2, ATL, SFO)
Fly(P3, SFO, ATL)
Fly(P2, SFO, JFK)
Fly(P3, ATL, JFK)
Fly(P1, SFO, ATL)
Fly(P2, JFK, SFO)
Fly(P1, ATL, JFK)
Fly(P2, SFO, ATL)
Unload(C1, P3, JFK)
Fly(P2, ATL, JFK)
Fly(P3, JFK, ATL)
Fly(P1, JFK, ATL)
Fly(P2, JFK, ATL)
Fly(P3, ATL, SFO)
Fly(P2, ATL, SFO)
Fly(P1, ATL, SFO)
Fly(P3, SFO, ATL)
Load(C3, P1, SFO)
Fly(P3, ATL, JFK)
Fly(P2, SFO, ATL)
Fly(P1, SFO, ATL)
Fly(P3, JFK, ATL)
Fly(P2, ATL, JFK)
Fly(P3, ATL, SFO)
Fly(P1, ATL, SFO)
Load(C2, P2, JFK)
Fly(P3, SFO, ATL)
Fly(P1, SFO, JFK)
Fly(P3, ATL, JFK)
Fly(P2, JFK, ATL)
Fly(P1, JFK, ATL)
Fly(P2, ATL, SFO)
Fly(P1, ATL, SFO)
Unload(C3, P1, SFO)
Fly(P2, SFO, ATL)
Fly(P1, SFO, ATL)
Fly(P3, JFK, ATL)
Fly(P2, ATL, SFO)
Fly(P3, ATL, SFO)
Fly(P1, ATL, JFK)
Fly(P2, SFO, ATL)
Unload(C2, P2, ATL)
Fly(P2, ATL, SFO)
Fly(P3, SFO, ATL)
Fly(P2, SFO, JFK)
Fly(P3, ATL, JFK)
Fly(P1, JFK, ATL)
Fly(P3, JFK, SFO)
Fly(P1, ATL, SFO)
Load(C3, P3, SFO)
Fly(P3, SFO, ATL)
Fly(P1, SFO, ATL)
Fly(P3, ATL, JFK)
Fly(P1, ATL, JFK)
Fly(P2, JFK, ATL)
Fly(P3, JFK, ATL)
Load(C2, P3, ATL)
Fly(P3, ATL, SFO)
Fly(P2, ATL, SFO)
Fly(P3, SFO, JFK)
Fly(P2, SFO, JFK)
Fly(P1, JFK, ATL)
Fly(P2, JFK, ATL)
Fly(P1, ATL, SFO)
Load(C1, P3, JFK)
Fly(P2, ATL, SFO)
Fly(P1, SFO, ATL)
Fly(P3, JFK, ATL)
Fly(P1, ATL, JFK)
Fly(P3, ATL, SFO)
Fly(P2, SFO, ATL)
Fly(P1, JFK, ATL)
Fly(P2, ATL, JFK)
Fly(P1, ATL, SFO)
Fly(P3, SFO, ATL)
Unload(C2, P3, ATL)
Fly(P3, ATL, SFO)
Fly(P1, SFO, ATL)
Fly(P2, JFK, ATL)
Fly(P1, ATL, JFK)
Fly(P2, ATL, SFO)
Fly(P3, SFO, JFK)
Fly(P1, JFK, ATL)
Unload(C3, P3, JFK)
Fly(P1, ATL, SFO)
Fly(P2, SFO, ATL)
Fly(P1, SFO, JFK)
Fly(P2, ATL, JFK)
Fly(P3, JFK, ATL)
Fly(P1, JFK, ATL)
Fly(P3, ATL, SFO)
Fly(P1, ATL, SFO)
Unload(C1, P3, SFO)
Fly(P3, SFO, ATL)
Fly(P1, SFO, ATL)
Fly(P3, ATL, JFK)
Fly(P1, ATL, JFK)
Fly(P2, JFK, ATL)
Fly(P3, JFK, ATL)
Fly(P2, ATL, SFO)
Fly(P3, ATL, SFO)
Load(C3, P1, JFK)
Fly(P2, SFO, ATL)
Fly(P1, JFK, ATL)
Fly(P2, ATL, JFK)
Fly(P1, ATL, SFO)
Fly(P3, SFO, ATL)
Fly(P1, SFO, JFK)
Load(C2, P3, ATL)
Fly(P3, ATL, SFO)
Fly(P2, JFK, ATL)
Fly(P3, SFO, JFK)
Fly(P2, ATL, SFO)
Fly(P1, JFK, ATL)
Fly(P3, JFK, ATL)
Fly(P1, ATL, SFO)
Fly(P3, ATL, SFO)
Unload(C3, P1, SFO)
Fly(P2, SFO, ATL)
Unload(C2, P3, SFO)
Load(C3, P1, SFO)
Fly(P2, ATL, JFK)
Fly(P3, SFO, ATL)
Fly(P2, JFK, SFO)
Fly(P3, ATL, JFK)
Fly(P1, SFO, ATL)
Fly(P3, JFK, SFO)
Fly(P1, ATL, JFK)
Load(C2, P2, SFO)
Fly(P3, SFO, ATL)
Fly(P2, SFO, ATL)
Fly(P3, ATL, JFK)
Fly(P2, ATL, JFK)
Fly(P1, JFK, ATL)
Fly(P3, JFK, ATL)
Unload(C3, P1, ATL)
Fly(P1, ATL, JFK)
Fly(P3, ATL, SFO)
Fly(P2, JFK, ATL)
Fly(P1, JFK, ATL)
Fly(P2, ATL, SFO)
Fly(P1, ATL, SFO)
Fly(P3, SFO, ATL)
Fly(P2, SFO, ATL)
Fly(P3, ATL, JFK)
Fly(P2, ATL, JFK)
Load(C1, P1, SFO)
Fly(P1, SFO, ATL)
Fly(P3, JFK, ATL)
Fly(P1, ATL, JFK)
Fly(P2, JFK, ATL)
Fly(P3, ATL, SFO)
Fly(P2, ATL, SFO)
Fly(P3, SFO, JFK)
Unload(C2, P2, SFO)
Fly(P2, SFO, ATL)
Fly(P3, JFK, ATL)
Fly(P1, JFK, ATL)
Fly(P3, ATL, SFO)
Fly(P2, ATL, SFO)
Unload(C1, P1, ATL)
Fly(P1, ATL, SFO)
Fly(P3, SFO, ATL)
Fly(P2, SFO, ATL)
Fly(P3, ATL, JFK)
Fly(P2, ATL, JFK)
Fly(P1, SFO, ATL)
Fly(P3, JFK, ATL)
Fly(P1, ATL, JFK)
Fly(P3, ATL, SFO)
Fly(P2, JFK, ATL)
Load(C3, P2, ATL)
Fly(P2, ATL, SFO)
Fly(P3, SFO, ATL)
Fly(P2, SFO, JFK)
Fly(P3, ATL, JFK)
Fly(P1, JFK, ATL)
Fly(P2, JFK, ATL)
Fly(P3, JFK, ATL)
Load(C1, P3, ATL)
Fly(P2, ATL, SFO)
Fly(P1, ATL, SFO)
Fly(P3, ATL, JFK)
Fly(P2, SFO, ATL)
Fly(P1, SFO, JFK)
Fly(P2, ATL, JFK)
Fly(P1, JFK, ATL)
Fly(P3, JFK, SFO)
Fly(P1, ATL, SFO)
Unload(C3, P2, JFK)
Fly(P3, SFO, ATL)
Fly(P1, SFO, ATL)
Fly(P2, JFK, ATL)
Fly(P3, ATL, JFK)
Fly(P2, ATL, SFO)
Fly(P1, ATL, SFO)
Unload(C1, P3, JFK)
Fly(P2, SFO, ATL)
Fly(P1, SFO, JFK)
Fly(P2, ATL, JFK)
Fly(P3, JFK, ATL)
Fly(P1, JFK, ATL)
Fly(P3, ATL, SFO)
Fly(P1, ATL, SFO)
Load(C3, P2, JFK)
Fly(P3, SFO, ATL)
Fly(P2, JFK, ATL)
Fly(P1, SFO, ATL)
Fly(P2, ATL, SFO)
Fly(P3, ATL, SFO)
Fly(P1, ATL, JFK)
Fly(P3, SFO, JFK)
Unload(C3, P2, SFO)


Solving Air Cargo Problem 2 using depth_limited_search...
