
Solving Air Cargo Problem 1 using breadth_first_search...

Expansions   Goal Tests   New Nodes
    43          56         180    

Plan length: 6  Time elapsed in seconds: 0.030552159005310386
Load(C1, P1, SFO)
Load(C2, P2, JFK)
Fly(P2, JFK, SFO)
Unload(C2, P2, SFO)
Fly(P1, SFO, JFK)
Unload(C1, P1, JFK)


Solving Air Cargo Problem 1 using breadth_first_tree_search...

Expansions   Goal Tests   New Nodes
   1458        1459        5960   

Plan length: 6  Time elapsed in seconds: 0.9439190440170933
Load(C1, P1, SFO)
Load(C2, P2, JFK)
Fly(P2, JFK, SFO)
Unload(C2, P2, SFO)
Fly(P1, SFO, JFK)
Unload(C1, P1, JFK)


Solving Air Cargo Problem 1 using depth_first_graph_search...

Expansions   Goal Tests   New Nodes
    21          22          84    

Plan length: 20  Time elapsed in seconds: 0.01439145699259825
Fly(P1, SFO, JFK)
Fly(P2, JFK, SFO)
Load(C2, P1, JFK)
Fly(P1, JFK, SFO)
Fly(P2, SFO, JFK)
Unload(C2, P1, SFO)
Fly(P1, SFO, JFK)
Fly(P2, JFK, SFO)
Load(C2, P2, SFO)
Fly(P1, JFK, SFO)
Load(C1, P2, SFO)
Fly(P2, SFO, JFK)
Fly(P1, SFO, JFK)
Unload(C2, P2, JFK)
Unload(C1, P2, JFK)
Fly(P2, JFK, SFO)
Load(C2, P1, JFK)
Fly(P1, JFK, SFO)
Fly(P2, SFO, JFK)
Unload(C2, P1, SFO)


Solving Air Cargo Problem 1 using depth_limited_search...

Expansions   Goal Tests   New Nodes
   101         271         414    

Plan length: 50  Time elapsed in seconds: 0.09092277899617329
Load(C1, P1, SFO)
Load(C2, P2, JFK)
Unload(C1, P1, SFO)
Load(C1, P1, SFO)
Unload(C1, P1, SFO)
Load(C1, P1, SFO)
Unload(C1, P1, SFO)
Load(C1, P1, SFO)
Unload(C1, P1, SFO)
Load(C1, P1, SFO)
Unload(C1, P1, SFO)
Load(C1, P1, SFO)
Unload(C1, P1, SFO)
Load(C1, P1, SFO)
Unload(C1, P1, SFO)
Load(C1, P1, SFO)
Unload(C1, P1, SFO)
Load(C1, P1, SFO)
Unload(C1, P1, SFO)
Load(C1, P1, SFO)
Unload(C1, P1, SFO)
Load(C1, P1, SFO)
Unload(C1, P1, SFO)
Load(C1, P1, SFO)
Unload(C1, P1, SFO)
Load(C1, P1, SFO)
Unload(C1, P1, SFO)
Load(C1, P1, SFO)
Unload(C1, P1, SFO)
Load(C1, P1, SFO)
Unload(C1, P1, SFO)
Load(C1, P1, SFO)
Unload(C1, P1, SFO)
Load(C1, P1, SFO)
Unload(C1, P1, SFO)
Load(C1, P1, SFO)
Unload(C1, P1, SFO)
Load(C1, P1, SFO)
Unload(C1, P1, SFO)
Load(C1, P1, SFO)
Unload(C1, P1, SFO)
Load(C1, P1, SFO)
Unload(C1, P1, SFO)
Load(C1, P1, SFO)
Unload(C1, P1, SFO)
Load(C1, P1, SFO)
Fly(P2, JFK, SFO)
Unload(C2, P2, SFO)
Fly(P1, SFO, JFK)
Unload(C1, P1, JFK)


Solving Air Cargo Problem 1 using uniform_cost_search...

Expansions   Goal Tests   New Nodes
    55          57         224    

Plan length: 6  Time elapsed in seconds: 0.03762932698009536
Load(C1, P1, SFO)
Load(C2, P2, JFK)
Fly(P1, SFO, JFK)
Fly(P2, JFK, SFO)
Unload(C1, P1, JFK)
Unload(C2, P2, SFO)


Solving Air Cargo Problem 1 using recursive_best_first_search with h_1...

Expansions   Goal Tests   New Nodes
   4229        4230       17023   

Plan length: 6  Time elapsed in seconds: 2.839140172000043
Load(C2, P2, JFK)
Load(C1, P1, SFO)
Fly(P2, JFK, SFO)
Unload(C2, P2, SFO)
Fly(P1, SFO, JFK)
Unload(C1, P1, JFK)


Solving Air Cargo Problem 1 using greedy_best_first_graph_search with h_1...

Expansions   Goal Tests   New Nodes
    7           9           28    

Plan length: 6  Time elapsed in seconds: 0.005018742987886071
Load(C1, P1, SFO)
Load(C2, P2, JFK)
Fly(P1, SFO, JFK)
Fly(P2, JFK, SFO)
Unload(C1, P1, JFK)
Unload(C2, P2, SFO)


Solving Air Cargo Problem 1 using astar_search with h_1...

Expansions   Goal Tests   New Nodes
    55          57         224    

Plan length: 6  Time elapsed in seconds: 0.035669687000336125
Load(C1, P1, SFO)
Load(C2, P2, JFK)
Fly(P1, SFO, JFK)
Fly(P2, JFK, SFO)
Unload(C1, P1, JFK)
Unload(C2, P2, SFO)


Solving Air Cargo Problem 1 using astar_search with h_ignore_preconditions...

Expansions   Goal Tests   New Nodes
    55          57         224    

Plan length: 6  Time elapsed in seconds: 0.035748869995586574
Load(C1, P1, SFO)
Load(C2, P2, JFK)
Fly(P1, SFO, JFK)
Fly(P2, JFK, SFO)
Unload(C1, P1, JFK)
Unload(C2, P2, SFO)


Solving Air Cargo Problem 1 using astar_search with h_pg_levelsum...

Expansions   Goal Tests   New Nodes
    11          13          50    

Plan length: 6  Time elapsed in seconds: 0.5502261480141897
Load(C1, P1, SFO)
Fly(P1, SFO, JFK)
Load(C2, P2, JFK)
Fly(P2, JFK, SFO)
Unload(C1, P1, JFK)
Unload(C2, P2, SFO)


Solving Air Cargo Problem 2 using breadth_first_search...

Expansions   Goal Tests   New Nodes
   3343        4609       30509   

Plan length: 9  Time elapsed in seconds: 14.302545051992638
Load(C1, P1, SFO)
Load(C2, P2, JFK)
Load(C3, P3, ATL)
Fly(P2, JFK, SFO)
Unload(C2, P2, SFO)
Fly(P1, SFO, JFK)
Unload(C1, P1, JFK)
Fly(P3, ATL, SFO)
Unload(C3, P3, SFO)


Solving Air Cargo Problem 2 using breadth_first_tree_search...
